[debug] [2025-11-04T20:25:59.842Z] ----------------------------------------------------------------------
[debug] [2025-11-04T20:25:59.845Z] Command:       /usr/bin/node /home/benning/Desktop/save-boost-landing-page/frontend/node_modules/.bin/firebase deploy
[debug] [2025-11-04T20:25:59.845Z] CLI Version:   14.23.0
[debug] [2025-11-04T20:25:59.846Z] Platform:      linux
[debug] [2025-11-04T20:25:59.846Z] Node Version:  v21.7.3
[debug] [2025-11-04T20:25:59.846Z] Time:          Tue Nov 04 2025 12:25:59 GMT-0800 (Pacific Standard Time)
[debug] [2025-11-04T20:25:59.846Z] ----------------------------------------------------------------------
[debug] 
[debug] [2025-11-04T20:25:59.849Z] >>> [apiv2][query] GET https://firebase-public.firebaseio.com/cli.json [none]
[debug] [2025-11-04T20:26:00.163Z] > command requires scopes: ["email","openid","https://www.googleapis.com/auth/cloudplatformprojects.readonly","https://www.googleapis.com/auth/firebase","https://www.googleapis.com/auth/cloud-platform"]
[debug] [2025-11-04T20:26:00.164Z] > authorizing via signed-in user (bmaisonti@gmail.com)
[debug] [2025-11-04T20:26:00.164Z] [iam] checking project saveboost-1e0a0 for permissions ["firebase.projects.get","firebasehosting.sites.update"]
[debug] [2025-11-04T20:26:00.165Z] Checked if tokens are valid: false, expires at: 1756869969184
[debug] [2025-11-04T20:26:00.165Z] Checked if tokens are valid: false, expires at: 1756869969184
[debug] [2025-11-04T20:26:00.166Z] > refreshing access token with scopes: []
[debug] [2025-11-04T20:26:00.167Z] >>> [apiv2][query] POST https://www.googleapis.com/oauth2/v3/token [none]
[debug] [2025-11-04T20:26:00.167Z] >>> [apiv2][body] POST https://www.googleapis.com/oauth2/v3/token [omitted]
[debug] [2025-11-04T20:26:00.354Z] <<< [apiv2][status] GET https://firebase-public.firebaseio.com/cli.json 200
[debug] [2025-11-04T20:26:00.355Z] <<< [apiv2][body] GET https://firebase-public.firebaseio.com/cli.json {"cloudBuildErrorAfter":1594252800000,"cloudBuildWarnAfter":1590019200000,"defaultNode10After":1594252800000,"minVersion":"3.0.5","node8DeploysDisabledAfter":1613390400000,"node8RuntimeDisabledAfter":1615809600000,"node8WarnAfter":1600128000000}
[debug] [2025-11-04T20:26:00.400Z] <<< [apiv2][status] POST https://www.googleapis.com/oauth2/v3/token 200
[debug] [2025-11-04T20:26:00.401Z] <<< [apiv2][body] POST https://www.googleapis.com/oauth2/v3/token [omitted]
[debug] [2025-11-04T20:26:00.420Z] >>> [apiv2][query] POST https://cloudresourcemanager.googleapis.com/v1/projects/saveboost-1e0a0:testIamPermissions [none]
[debug] [2025-11-04T20:26:00.421Z] >>> [apiv2][(partial)header] POST https://cloudresourcemanager.googleapis.com/v1/projects/saveboost-1e0a0:testIamPermissions x-goog-quota-user=projects/saveboost-1e0a0
[debug] [2025-11-04T20:26:00.421Z] >>> [apiv2][body] POST https://cloudresourcemanager.googleapis.com/v1/projects/saveboost-1e0a0:testIamPermissions {"permissions":["firebase.projects.get","firebasehosting.sites.update"]}
[debug] [2025-11-04T20:26:00.642Z] <<< [apiv2][status] POST https://cloudresourcemanager.googleapis.com/v1/projects/saveboost-1e0a0:testIamPermissions 200
[debug] [2025-11-04T20:26:00.643Z] <<< [apiv2][body] POST https://cloudresourcemanager.googleapis.com/v1/projects/saveboost-1e0a0:testIamPermissions {"permissions":["firebase.projects.get","firebasehosting.sites.update"]}
[debug] [2025-11-04T20:26:00.644Z] Checked if tokens are valid: true, expires at: 1762291559401
[debug] [2025-11-04T20:26:00.644Z] Checked if tokens are valid: true, expires at: 1762291559401
[debug] [2025-11-04T20:26:00.646Z] >>> [apiv2][query] GET https://firebase.googleapis.com/v1beta1/projects/saveboost-1e0a0 [none]
[debug] [2025-11-04T20:26:01.154Z] <<< [apiv2][status] GET https://firebase.googleapis.com/v1beta1/projects/saveboost-1e0a0 200
[debug] [2025-11-04T20:26:01.155Z] <<< [apiv2][body] GET https://firebase.googleapis.com/v1beta1/projects/saveboost-1e0a0 {"projectId":"saveboost-1e0a0","projectNumber":"92753325779","displayName":"saveboost","name":"projects/saveboost-1e0a0","resources":{"hostingSite":"saveboost-1e0a0"},"state":"ACTIVE","etag":"1_749ccca3-5859-4255-98f7-a657bdc9d387"}
[info] 
[info] === Deploying to 'saveboost-1e0a0'...
[info] 
[info] i  deploying hosting 
[debug] [2025-11-04T20:26:01.164Z] Checked if tokens are valid: true, expires at: 1762291559401
[debug] [2025-11-04T20:26:01.165Z] Checked if tokens are valid: true, expires at: 1762291559401
[debug] [2025-11-04T20:26:01.165Z] >>> [apiv2][query] POST https://firebasehosting.googleapis.com/v1beta1/projects/-/sites/saveboost-1e0a0/versions [none]
[debug] [2025-11-04T20:26:01.165Z] >>> [apiv2][body] POST https://firebasehosting.googleapis.com/v1beta1/projects/-/sites/saveboost-1e0a0/versions {"status":"CREATED","labels":{"deployment-tool":"cli-firebase"}}
[debug] [2025-11-04T20:26:02.001Z] <<< [apiv2][status] POST https://firebasehosting.googleapis.com/v1beta1/projects/-/sites/saveboost-1e0a0/versions 200
[debug] [2025-11-04T20:26:02.001Z] <<< [apiv2][body] POST https://firebasehosting.googleapis.com/v1beta1/projects/-/sites/saveboost-1e0a0/versions {"name":"projects/92753325779/sites/saveboost-1e0a0/versions/7db9d27433abf0fe","status":"CREATED","config":{},"labels":{"deployment-tool":"cli-firebase"}}
[info] i  hosting[saveboost-1e0a0]: beginning deploy... 
[info] i  hosting[saveboost-1e0a0]: found 59 files in out 
[debug] [2025-11-04T20:26:02.017Z] [hosting] uploading with 200 concurrency
[debug] [2025-11-04T20:26:02.042Z] Checked if tokens are valid: true, expires at: 1762291559401
[debug] [2025-11-04T20:26:02.042Z] Checked if tokens are valid: true, expires at: 1762291559401
[debug] [2025-11-04T20:26:02.042Z] [hosting] hash cache [b3V0] stored for 59 files
[debug] [2025-11-04T20:26:02.043Z] [hosting][hash queue][FINAL] {"max":21,"min":5,"avg":15.050847457627114,"active":0,"complete":59,"success":59,"errored":0,"retried":0,"total":59,"elapsed":26}
[debug] [2025-11-04T20:26:02.043Z] >>> [apiv2][query] POST https://firebasehosting.googleapis.com/v1beta1/projects/92753325779/sites/saveboost-1e0a0/versions/7db9d27433abf0fe:populateFiles [none]
[debug] [2025-11-04T20:26:02.043Z] >>> [apiv2][body] POST https://firebasehosting.googleapis.com/v1beta1/projects/92753325779/sites/saveboost-1e0a0/versions/7db9d27433abf0fe:populateFiles {"files":{"/status.txt":"282ba3c79942a17ffa7b54a6801a19a7ffc6154fb07d510a8b34436ce72585da","/sitemap.xml":"53842745194a2ed1ee72460e13ef6c247be9313385a0e1237ed539721c63d7b8","/use-cases.txt":"3a8cb5f7200b1822507b95054c0a1e47f66481a1cbede7774d7804ed4610c5fc","/robots.txt":"85490e5f67650f3ccc62084daff4f7a3cb1857613ef0bf1e45659764cfe4810f","/security.txt":"3ca88679e94f79a7fb9cd7eeb2e3d78a5116279b752e679a0fd3820a9672c84e","/status.html":"71111544c7494c552b30ab1d2d6e4bd62819eb83e9a91997f4fdd2d1702dedee","/product.txt":"96c03a000d937c658954c4d1c1f4ac17324f0a5c7280f9eca888f30cbb2c3b74","/security.html":"1a4500f34f239ef312e41990f6a6e467100ff58df8138e6a7ccae0c9f0f26898","/products-services.txt":"22ef6c5bfe7de21831ce9d972837fc69445776dc9122ddda9c8597189008f0fc","/privacy.txt":"d3caa42a2782d9f0e3154eb4e3c6578eec07ad878c537359a808f31cde2f598e","/use-cases.html":"6dc938376b712af4bd75c60017d6cf6343cdba2fc3ffa97872da8196dfbfb64e","/product.html":"f3005bb7d0bff4646a3e4e351bd0f4d9b8c825edc808dc5d0f956d9d14b47d9d","/privacy.html":"1e77f55d502848a4b2a0098929d802f566a399773ba6e45ed4fe86f2c05b6db5","/index.txt":"6b9521af4ceb7d246cf9f50599b14973d8e66f977dfd81c16fb10ad458201f97","/contact.txt":"4bd26c8bf550705589d28a84d266461c794ffeb6eb53b04aa7561b2c29c1c19d","/products-services.html":"ce0ca8de4cef4977bf2b61a1d465b3d5cbc8b4be680ac9251d0ac0891e6ae58a","/bio.txt":"3c728a75ae50f3f9873b0cbebf06f49643c2dc0873f3778a196da91ffa10966c","/contact.html":"1eda7a8b5e1d76bef5a16c22cd715396044c08b66b0a203fef58c8e092d15cc5","/bio.html":"5fe689080486d2fc5f64f8098b854e1f026eafba67b1790fdfe025c626e034fc","/about.txt":"c101b05c889833662d5d12b688be9a0f438ffad0fadf636c7378a186700eb0c1","/_next/static/media/df0a9ae256c0569c-s.woff2":"452e9417356ae0f138dead31eec404c2777d810cfb8a1b7934f7a4a619de5992","/index.html":"cd4b17d7805ac207050fee0642c1d619d1784cea7039a54c9caf71264b76a831","/about.html":"a206182944dfd397c09ff6d33feb9ca69b0605df1c5360d8118d62a1acb24935","/favicon.ico":"95de7e616394c2ef46c6a2f6a61f2184ac35f10d2934234aa8cf7b597bb24cfb","/404.html":"5b6885921b876292335ad9da8f687536076a7393abf37e89c957736c07521b1e","/_next/static/media/c5fe6dc8356a8c31-s.woff2":"85a49f18c048badcfe02e379fad4c9e9f49474ed05f94500ee59ebd181b25a4d","/_next/static/chunks/webpack-3bffae5526b2283a.js":"82076f06914ddb3a3faa0eb6f2ccaaa254c847f967c007e40d01d7a541892de6","/_next/static/chunks/main-app-f09e5bc479f2d74f.js":"c4cd5bab47e84a21e736b2d77556cd9ac48245abb601990f948384f697117577","/_next/static/chunks/278-e45dc4c74e06a2c5.js":"1b29acbaa06ab3fc9458e87a72ba3b48638e2445b016ee3ce8a97cc72bc0630f","/_next/static/css/afdd2128c9d6782e.css":"092ebdf8a8b355abe4da061589c6fd2da697c7570f4e8ccd04b6e6dffb659a06","/_next/static/chunks/223-05f30745a9907ab5.js":"a207ef84d00baf6ca09b0d0256d16a8fcda29cc171c265687e9428359bb8b350","/_next/static/chunks/231-28d4b6baeee19f30.js":"1d2ba4967a22dc90c7d3d0012b26b370fefaea649f0a152f627bc1b994a3e77e","/_next/static/chunks/pages/_error-1be831200e60c5c0.js":"7426516966c9b91dcc9c8fd9c001ff0005dd54d82a486722177c0b56c6270389","/_next/static/chunks/pages/_app-6a626577ffa902a4.js":"8cf7d5b0ef27e337049f5a92b72dc1638f67bafacd0c20fced1ea39c5109962b","/_next/static/chunks/app/layout-aefd31329f13a680.js":"7882deeca7a6bbe4806a76ef6f285bf987ac1c5e9df6b8b71068513c271b0bb3","/_next/static/chunks/app/use-cases/page-cb60172e8a01f753.js":"eb0ab52af34b17e42ed879c79a8e63e8d7ea7044ba7de5ba1de71fddef51e998","/_next/static/chunks/app/products-services/page-1a85b43d5d63818e.js":"855f76ea7620d44a94f16b990e738a90ce0dc5547d64542cb0b8244b81bd274b","/_next/static/chunks/app/page-1197fe1ea8dc201d.js":"e11704e458a9f9b01209bdf19d13932ca454b0829161b1eb192c0e06c13875e8","/_next/static/chunks/app/contact/page-5ff6c39b2701f11f.js":"96e2a6ea82522da53906b92d687b16babc450f3c42101893a9ac485936918cda","/_next/static/media/21350d82a1f187e9-s.woff2":"2ba5c8ccbd865d43025011c08de46c68cb8699d9c41de5b492178dc0ce17ef43","/_next/static/media/19cfc7226ec3afaa-s.woff2":"c09c820e4d253da13bc6410ebe0f686e71d07c403798321afd204228427b2b76","/_next/static/media/ba9851c3c22cd980-s.woff2":"1d65ab85b90d5c50a87fa2d04c0950779e28e8132328e006e92827f64595bc82","/_next/static/media/e4af272ccee01ff0-s.p.woff2":"2741d128d13c30e1e6b703de198fb9a0ebcd001e0a8e46bad9e32dfd388c357b","/_next/static/chunks/polyfills-78c92fac7aa8fdd8.js":"d171f77ff37b86c9caf9b598738eec4575aaf74cdfcef73e85b8f7c9db864364","/_next/static/chunks/23-16651b190590d0b7.js":"dd794f1214fd44106231a42bbfcae0acd1aaba8ff8d20ed725c75e0d281aafeb","/_next/static/chunks/main-e844b17c5b5630c4.js":"2a6d8d914c6c177459dfc770483ecfe99a13c7549f2949d6725384983c08d198","/_next/static/chunks/app/about/page-58c2bbb7ec79c411.js":"e067cc6e002c1c2583cf899ae6e045017f29899b74a6e829050f88494378d766","/_next/static/chunks/app/bio/page-3b384d90cbf5a7bc.js":"fc03a5a1b5965f49118a6de376f6f9120947e2369a64da7aa57ec520dff52c71","/_next/static/chunks/app/_not-found/page-b0486616258356d1.js":"acbb5213b78962913dc592395df36dc18da587e54636605c6feb84bc7360cadd","/_next/static/chunks/app/(marketing)/status/page-38561170c4bb3ffe.js":"611ab6c988dc486b532c1840f4addfb3464d18cce7f09363ed81abab2acc652c","/_next/static/chunks/app/(marketing)/security/page-232197f5125cafbc.js":"356f7509955b5261cec6365431b2222dc86f3c0a213bd9bc6e0474ec28180820","/_next/static/chunks/app/(marketing)/product/page-bd3aca94b82371c5.js":"0d2eecf3ce584294527b9f2f52fdadb8b367038c436ffd67e4d3e74344c449ea","/_next/static/chunks/app/(marketing)/privacy/page-16dc2dfa4a072569.js":"f7582aaf9f3495cf9e2691ae177492f8f1c2a836fca56b1e1230087581d0d5c9","/_next/static/6uSkUzirjwyuIpMOpR_JI/_ssgManifest.js":"d8d8790f4e673a23bec506f00699bed8a258ac0e4965bb1ca8598172cfc0ec97","/_next/static/6uSkUzirjwyuIpMOpR_JI/_buildManifest.js":"445c75670e667010c5fe5ea4e630ad2a81c56062399b4b16cc46e3d243d3b2e7","/_next/static/chunks/482-fefe253cd1fee5a2.js":"65d2bfbb65f7c35e0ecc56cfe2fad3b0dda51c8907dbed879eb66ef9b6f99034","/_next/static/media/8e9860b6e62d6359-s.woff2":"2747320765ba692ad124b7f75340a32d6e4bdbce494bf929f0fbc9abc9977e8f","/_next/static/chunks/framework-f66176bb897dc684.js":"202a65479b134b641e1bd8f8bb8006ecf73937f096d8b9872da48d37e89e4ef5","/_next/static/chunks/fd9d1056-4a917af64af6b262.js":"c4e35361343c85f70057332df3cd7be84a50c024cb916e5264877e1b0808421d"}}
[debug] [2025-11-04T20:26:02.294Z] <<< [apiv2][status] POST https://firebasehosting.googleapis.com/v1beta1/projects/92753325779/sites/saveboost-1e0a0/versions/7db9d27433abf0fe:populateFiles 200
[debug] [2025-11-04T20:26:02.294Z] <<< [apiv2][body] POST https://firebasehosting.googleapis.com/v1beta1/projects/92753325779/sites/saveboost-1e0a0/versions/7db9d27433abf0fe:populateFiles {"uploadRequiredHashes":["1a4500f34f239ef312e41990f6a6e467100ff58df8138e6a7ccae0c9f0f26898","1b29acbaa06ab3fc9458e87a72ba3b48638e2445b016ee3ce8a97cc72bc0630f","a206182944dfd397c09ff6d33feb9ca69b0605df1c5360d8118d62a1acb24935","5b6885921b876292335ad9da8f687536076a7393abf37e89c957736c07521b1e","1d2ba4967a22dc90c7d3d0012b26b370fefaea649f0a152f627bc1b994a3e77e","1e77f55d502848a4b2a0098929d802f566a399773ba6e45ed4fe86f2c05b6db5","f3005bb7d0bff4646a3e4e351bd0f4d9b8c825edc808dc5d0f956d9d14b47d9d","ce0ca8de4cef4977bf2b61a1d465b3d5cbc8b4be680ac9251d0ac0891e6ae58a","a207ef84d00baf6ca09b0d0256d16a8fcda29cc171c265687e9428359bb8b350","fc03a5a1b5965f49118a6de376f6f9120947e2369a64da7aa57ec520dff52c71","1d65ab85b90d5c50a87fa2d04c0950779e28e8132328e006e92827f64595bc82","282ba3c79942a17ffa7b54a6801a19a7ffc6154fb07d510a8b34436ce72585da","22ef6c5bfe7de21831ce9d972837fc69445776dc9122ddda9c8597189008f0fc","1eda7a8b5e1d76bef5a16c22cd715396044c08b66b0a203fef58c8e092d15cc5","d3caa42a2782d9f0e3154eb4e3c6578eec07ad878c537359a808f31cde2f598e","7882deeca7a6bbe4806a76ef6f285bf987ac1c5e9df6b8b71068513c271b0bb3","5fe689080486d2fc5f64f8098b854e1f026eafba67b1790fdfe025c626e034fc","82076f06914ddb3a3faa0eb6f2ccaaa254c847f967c007e40d01d7a541892de6","855f76ea7620d44a94f16b990e738a90ce0dc5547d64542cb0b8244b81bd274b","53842745194a2ed1ee72460e13ef6c247be9313385a0e1237ed539721c63d7b8","3c728a75ae50f3f9873b0cbebf06f49643c2dc0873f3778a196da91ffa10966c","96c03a000d937c658954c4d1c1f4ac17324f0a5c7280f9eca888f30cbb2c3b74","71111544c7494c552b30ab1d2d6e4bd62819eb83e9a91997f4fdd2d1702dedee","092ebdf8a8b355abe4da061589c6fd2da697c7570f4e8ccd04b6e6dffb659a06","e067cc6e002c1c2583cf899ae6e045017f29899b74a6e829050f88494378d766","6b9521af4ceb7d246cf9f50599b14973d8e66f977dfd81c16fb10ad458201f97","3ca88679e94f79a7fb9cd7eeb2e3d78a5116279b752e679a0fd3820a9672c84e","c101b05c889833662d5d12b688be9a0f438ffad0fadf636c7378a186700eb0c1","96e2a6ea82522da53906b92d687b16babc450f3c42101893a9ac485936918cda","85a49f18c048badcfe02e379fad4c9e9f49474ed05f94500ee59ebd181b25a4d","4bd26c8bf550705589d28a84d266461c794ffeb6eb53b04aa7561b2c29c1c19d","6dc938376b712af4bd75c60017d6cf6343cdba2fc3ffa97872da8196dfbfb64e","c09c820e4d253da13bc6410ebe0f686e71d07c403798321afd204228427b2b76","eb0ab52af34b17e42ed879c79a8e63e8d7ea7044ba7de5ba1de71fddef51e998","2a6d8d914c6c177459dfc770483ecfe99a13c7549f2949d6725384983c08d198","3a8cb5f7200b1822507b95054c0a1e47f66481a1cbede7774d7804ed4610c5fc","cd4b17d7805ac207050fee0642c1d619d1784cea7039a54c9caf71264b76a831","e11704e458a9f9b01209bdf19d13932ca454b0829161b1eb192c0e06c13875e8","2ba5c8ccbd865d43025011c08de46c68cb8699d9c41de5b492178dc0ce17ef43"],"uploadUrl":"https://upload-firebasehosting.googleapis.com/upload/sites/saveboost-1e0a0/versions/7db9d27433abf0fe/files"}
[debug] [2025-11-04T20:26:02.295Z] Checked if tokens are valid: true, expires at: 1762291559401
[debug] [2025-11-04T20:26:02.295Z] Checked if tokens are valid: true, expires at: 1762291559401
[debug] [2025-11-04T20:26:02.295Z] Checked if tokens are valid: true, expires at: 1762291559401
[debug] [2025-11-04T20:26:02.295Z] Checked if tokens are valid: true, expires at: 1762291559401
[debug] [2025-11-04T20:26:02.295Z] Checked if tokens are valid: true, expires at: 1762291559401
[debug] [2025-11-04T20:26:02.295Z] Checked if tokens are valid: true, expires at: 1762291559401
[debug] [2025-11-04T20:26:02.296Z] Checked if tokens are valid: true, expires at: 1762291559401
[debug] [2025-11-04T20:26:02.296Z] Checked if tokens are valid: true, expires at: 1762291559401
[debug] [2025-11-04T20:26:02.296Z] Checked if tokens are valid: true, expires at: 1762291559401
[debug] [2025-11-04T20:26:02.296Z] Checked if tokens are valid: true, expires at: 1762291559401
[debug] [2025-11-04T20:26:02.296Z] Checked if tokens are valid: true, expires at: 1762291559401
[debug] [2025-11-04T20:26:02.296Z] Checked if tokens are valid: true, expires at: 1762291559401
[debug] [2025-11-04T20:26:02.296Z] Checked if tokens are valid: true, expires at: 1762291559401
[debug] [2025-11-04T20:26:02.296Z] Checked if tokens are valid: true, expires at: 1762291559401
[debug] [2025-11-04T20:26:02.296Z] Checked if tokens are valid: true, expires at: 1762291559401
[debug] [2025-11-04T20:26:02.296Z] Checked if tokens are valid: true, expires at: 1762291559401
[debug] [2025-11-04T20:26:02.296Z] Checked if tokens are valid: true, expires at: 1762291559401
[debug] [2025-11-04T20:26:02.296Z] Checked if tokens are valid: true, expires at: 1762291559401
[debug] [2025-11-04T20:26:02.296Z] Checked if tokens are valid: true, expires at: 1762291559401
[debug] [2025-11-04T20:26:02.296Z] Checked if tokens are valid: true, expires at: 1762291559401
[debug] [2025-11-04T20:26:02.296Z] Checked if tokens are valid: true, expires at: 1762291559401
[debug] [2025-11-04T20:26:02.297Z] Checked if tokens are valid: true, expires at: 1762291559401
[debug] [2025-11-04T20:26:02.297Z] Checked if tokens are valid: true, expires at: 1762291559401
[debug] [2025-11-04T20:26:02.297Z] Checked if tokens are valid: true, expires at: 1762291559401
[debug] [2025-11-04T20:26:02.297Z] Checked if tokens are valid: true, expires at: 1762291559401
[debug] [2025-11-04T20:26:02.297Z] Checked if tokens are valid: true, expires at: 1762291559401
[debug] [2025-11-04T20:26:02.297Z] Checked if tokens are valid: true, expires at: 1762291559401
[debug] [2025-11-04T20:26:02.297Z] Checked if tokens are valid: true, expires at: 1762291559401
[debug] [2025-11-04T20:26:02.297Z] Checked if tokens are valid: true, expires at: 1762291559401
[debug] [2025-11-04T20:26:02.297Z] Checked if tokens are valid: true, expires at: 1762291559401
[debug] [2025-11-04T20:26:02.297Z] Checked if tokens are valid: true, expires at: 1762291559401
[debug] [2025-11-04T20:26:02.297Z] Checked if tokens are valid: true, expires at: 1762291559401
[debug] [2025-11-04T20:26:02.297Z] Checked if tokens are valid: true, expires at: 1762291559401
[debug] [2025-11-04T20:26:02.297Z] Checked if tokens are valid: true, expires at: 1762291559401
[debug] [2025-11-04T20:26:02.297Z] Checked if tokens are valid: true, expires at: 1762291559401
[debug] [2025-11-04T20:26:02.297Z] Checked if tokens are valid: true, expires at: 1762291559401
[debug] [2025-11-04T20:26:02.297Z] Checked if tokens are valid: true, expires at: 1762291559401
[debug] [2025-11-04T20:26:02.297Z] Checked if tokens are valid: true, expires at: 1762291559401
[debug] [2025-11-04T20:26:02.298Z] Checked if tokens are valid: true, expires at: 1762291559401
[debug] [2025-11-04T20:26:02.298Z] Checked if tokens are valid: true, expires at: 1762291559401
[debug] [2025-11-04T20:26:02.298Z] Checked if tokens are valid: true, expires at: 1762291559401
[debug] [2025-11-04T20:26:02.298Z] Checked if tokens are valid: true, expires at: 1762291559401
[debug] [2025-11-04T20:26:02.298Z] Checked if tokens are valid: true, expires at: 1762291559401
[debug] [2025-11-04T20:26:02.298Z] Checked if tokens are valid: true, expires at: 1762291559401
[debug] [2025-11-04T20:26:02.298Z] Checked if tokens are valid: true, expires at: 1762291559401
[debug] [2025-11-04T20:26:02.298Z] Checked if tokens are valid: true, expires at: 1762291559401
[debug] [2025-11-04T20:26:02.298Z] Checked if tokens are valid: true, expires at: 1762291559401
[debug] [2025-11-04T20:26:02.298Z] Checked if tokens are valid: true, expires at: 1762291559401
[debug] [2025-11-04T20:26:02.298Z] Checked if tokens are valid: true, expires at: 1762291559401
[debug] [2025-11-04T20:26:02.298Z] Checked if tokens are valid: true, expires at: 1762291559401
[debug] [2025-11-04T20:26:02.298Z] Checked if tokens are valid: true, expires at: 1762291559401
[debug] [2025-11-04T20:26:02.298Z] Checked if tokens are valid: true, expires at: 1762291559401
[debug] [2025-11-04T20:26:02.298Z] Checked if tokens are valid: true, expires at: 1762291559401
[debug] [2025-11-04T20:26:02.298Z] Checked if tokens are valid: true, expires at: 1762291559401
[debug] [2025-11-04T20:26:02.299Z] Checked if tokens are valid: true, expires at: 1762291559401
[debug] [2025-11-04T20:26:02.299Z] Checked if tokens are valid: true, expires at: 1762291559401
[debug] [2025-11-04T20:26:02.299Z] Checked if tokens are valid: true, expires at: 1762291559401
[debug] [2025-11-04T20:26:02.299Z] Checked if tokens are valid: true, expires at: 1762291559401
[debug] [2025-11-04T20:26:02.299Z] Checked if tokens are valid: true, expires at: 1762291559401
[debug] [2025-11-04T20:26:02.299Z] Checked if tokens are valid: true, expires at: 1762291559401
[debug] [2025-11-04T20:26:02.299Z] Checked if tokens are valid: true, expires at: 1762291559401
[debug] [2025-11-04T20:26:02.299Z] Checked if tokens are valid: true, expires at: 1762291559401
[debug] [2025-11-04T20:26:02.299Z] Checked if tokens are valid: true, expires at: 1762291559401
[debug] [2025-11-04T20:26:02.299Z] Checked if tokens are valid: true, expires at: 1762291559401
[debug] [2025-11-04T20:26:02.299Z] Checked if tokens are valid: true, expires at: 1762291559401
[debug] [2025-11-04T20:26:02.299Z] Checked if tokens are valid: true, expires at: 1762291559401
[debug] [2025-11-04T20:26:02.300Z] Checked if tokens are valid: true, expires at: 1762291559401
[debug] [2025-11-04T20:26:02.300Z] Checked if tokens are valid: true, expires at: 1762291559401
[debug] [2025-11-04T20:26:02.300Z] Checked if tokens are valid: true, expires at: 1762291559401
[debug] [2025-11-04T20:26:02.300Z] Checked if tokens are valid: true, expires at: 1762291559401
[debug] [2025-11-04T20:26:02.300Z] Checked if tokens are valid: true, expires at: 1762291559401
[debug] [2025-11-04T20:26:02.300Z] Checked if tokens are valid: true, expires at: 1762291559401
[debug] [2025-11-04T20:26:02.300Z] Checked if tokens are valid: true, expires at: 1762291559401
[debug] [2025-11-04T20:26:02.300Z] Checked if tokens are valid: true, expires at: 1762291559401
[debug] [2025-11-04T20:26:02.300Z] Checked if tokens are valid: true, expires at: 1762291559401
[debug] [2025-11-04T20:26:02.300Z] Checked if tokens are valid: true, expires at: 1762291559401
[debug] [2025-11-04T20:26:02.300Z] Checked if tokens are valid: true, expires at: 1762291559401
[debug] [2025-11-04T20:26:02.300Z] Checked if tokens are valid: true, expires at: 1762291559401
[debug] [2025-11-04T20:26:02.300Z] >>> [apiv2][query] POST https://upload-firebasehosting.googleapis.com/upload/sites/saveboost-1e0a0/versions/7db9d27433abf0fe/files/1a4500f34f239ef312e41990f6a6e467100ff58df8138e6a7ccae0c9f0f26898 [none]
[debug] [2025-11-04T20:26:02.301Z] >>> [apiv2][body] POST https://upload-firebasehosting.googleapis.com/upload/sites/saveboost-1e0a0/versions/7db9d27433abf0fe/files/1a4500f34f239ef312e41990f6a6e467100ff58df8138e6a7ccae0c9f0f26898 [stream]
[debug] [2025-11-04T20:26:02.302Z] >>> [apiv2][query] POST https://upload-firebasehosting.googleapis.com/upload/sites/saveboost-1e0a0/versions/7db9d27433abf0fe/files/1b29acbaa06ab3fc9458e87a72ba3b48638e2445b016ee3ce8a97cc72bc0630f [none]
[debug] [2025-11-04T20:26:02.302Z] >>> [apiv2][body] POST https://upload-firebasehosting.googleapis.com/upload/sites/saveboost-1e0a0/versions/7db9d27433abf0fe/files/1b29acbaa06ab3fc9458e87a72ba3b48638e2445b016ee3ce8a97cc72bc0630f [stream]
[debug] [2025-11-04T20:26:02.303Z] >>> [apiv2][query] POST https://upload-firebasehosting.googleapis.com/upload/sites/saveboost-1e0a0/versions/7db9d27433abf0fe/files/a206182944dfd397c09ff6d33feb9ca69b0605df1c5360d8118d62a1acb24935 [none]
[debug] [2025-11-04T20:26:02.303Z] >>> [apiv2][body] POST https://upload-firebasehosting.googleapis.com/upload/sites/saveboost-1e0a0/versions/7db9d27433abf0fe/files/a206182944dfd397c09ff6d33feb9ca69b0605df1c5360d8118d62a1acb24935 [stream]
[debug] [2025-11-04T20:26:02.304Z] >>> [apiv2][query] POST https://upload-firebasehosting.googleapis.com/upload/sites/saveboost-1e0a0/versions/7db9d27433abf0fe/files/5b6885921b876292335ad9da8f687536076a7393abf37e89c957736c07521b1e [none]
[debug] [2025-11-04T20:26:02.304Z] >>> [apiv2][body] POST https://upload-firebasehosting.googleapis.com/upload/sites/saveboost-1e0a0/versions/7db9d27433abf0fe/files/5b6885921b876292335ad9da8f687536076a7393abf37e89c957736c07521b1e [stream]
[debug] [2025-11-04T20:26:02.305Z] >>> [apiv2][query] POST https://upload-firebasehosting.googleapis.com/upload/sites/saveboost-1e0a0/versions/7db9d27433abf0fe/files/1d2ba4967a22dc90c7d3d0012b26b370fefaea649f0a152f627bc1b994a3e77e [none]
[debug] [2025-11-04T20:26:02.305Z] >>> [apiv2][body] POST https://upload-firebasehosting.googleapis.com/upload/sites/saveboost-1e0a0/versions/7db9d27433abf0fe/files/1d2ba4967a22dc90c7d3d0012b26b370fefaea649f0a152f627bc1b994a3e77e [stream]
[debug] [2025-11-04T20:26:02.306Z] >>> [apiv2][query] POST https://upload-firebasehosting.googleapis.com/upload/sites/saveboost-1e0a0/versions/7db9d27433abf0fe/files/1e77f55d502848a4b2a0098929d802f566a399773ba6e45ed4fe86f2c05b6db5 [none]
[debug] [2025-11-04T20:26:02.306Z] >>> [apiv2][body] POST https://upload-firebasehosting.googleapis.com/upload/sites/saveboost-1e0a0/versions/7db9d27433abf0fe/files/1e77f55d502848a4b2a0098929d802f566a399773ba6e45ed4fe86f2c05b6db5 [stream]
[debug] [2025-11-04T20:26:02.307Z] >>> [apiv2][query] POST https://upload-firebasehosting.googleapis.com/upload/sites/saveboost-1e0a0/versions/7db9d27433abf0fe/files/f3005bb7d0bff4646a3e4e351bd0f4d9b8c825edc808dc5d0f956d9d14b47d9d [none]
[debug] [2025-11-04T20:26:02.307Z] >>> [apiv2][body] POST https://upload-firebasehosting.googleapis.com/upload/sites/saveboost-1e0a0/versions/7db9d27433abf0fe/files/f3005bb7d0bff4646a3e4e351bd0f4d9b8c825edc808dc5d0f956d9d14b47d9d [stream]
[debug] [2025-11-04T20:26:02.307Z] >>> [apiv2][query] POST https://upload-firebasehosting.googleapis.com/upload/sites/saveboost-1e0a0/versions/7db9d27433abf0fe/files/ce0ca8de4cef4977bf2b61a1d465b3d5cbc8b4be680ac9251d0ac0891e6ae58a [none]
[debug] [2025-11-04T20:26:02.307Z] >>> [apiv2][body] POST https://upload-firebasehosting.googleapis.com/upload/sites/saveboost-1e0a0/versions/7db9d27433abf0fe/files/ce0ca8de4cef4977bf2b61a1d465b3d5cbc8b4be680ac9251d0ac0891e6ae58a [stream]
[debug] [2025-11-04T20:26:02.308Z] >>> [apiv2][query] POST https://upload-firebasehosting.googleapis.com/upload/sites/saveboost-1e0a0/versions/7db9d27433abf0fe/files/a207ef84d00baf6ca09b0d0256d16a8fcda29cc171c265687e9428359bb8b350 [none]
[debug] [2025-11-04T20:26:02.308Z] >>> [apiv2][body] POST https://upload-firebasehosting.googleapis.com/upload/sites/saveboost-1e0a0/versions/7db9d27433abf0fe/files/a207ef84d00baf6ca09b0d0256d16a8fcda29cc171c265687e9428359bb8b350 [stream]
[debug] [2025-11-04T20:26:02.308Z] >>> [apiv2][query] POST https://upload-firebasehosting.googleapis.com/upload/sites/saveboost-1e0a0/versions/7db9d27433abf0fe/files/fc03a5a1b5965f49118a6de376f6f9120947e2369a64da7aa57ec520dff52c71 [none]
[debug] [2025-11-04T20:26:02.308Z] >>> [apiv2][body] POST https://upload-firebasehosting.googleapis.com/upload/sites/saveboost-1e0a0/versions/7db9d27433abf0fe/files/fc03a5a1b5965f49118a6de376f6f9120947e2369a64da7aa57ec520dff52c71 [stream]
[debug] [2025-11-04T20:26:02.309Z] >>> [apiv2][query] POST https://upload-firebasehosting.googleapis.com/upload/sites/saveboost-1e0a0/versions/7db9d27433abf0fe/files/1d65ab85b90d5c50a87fa2d04c0950779e28e8132328e006e92827f64595bc82 [none]
[debug] [2025-11-04T20:26:02.309Z] >>> [apiv2][body] POST https://upload-firebasehosting.googleapis.com/upload/sites/saveboost-1e0a0/versions/7db9d27433abf0fe/files/1d65ab85b90d5c50a87fa2d04c0950779e28e8132328e006e92827f64595bc82 [stream]
[debug] [2025-11-04T20:26:02.309Z] >>> [apiv2][query] POST https://upload-firebasehosting.googleapis.com/upload/sites/saveboost-1e0a0/versions/7db9d27433abf0fe/files/282ba3c79942a17ffa7b54a6801a19a7ffc6154fb07d510a8b34436ce72585da [none]
[debug] [2025-11-04T20:26:02.309Z] >>> [apiv2][body] POST https://upload-firebasehosting.googleapis.com/upload/sites/saveboost-1e0a0/versions/7db9d27433abf0fe/files/282ba3c79942a17ffa7b54a6801a19a7ffc6154fb07d510a8b34436ce72585da [stream]
[debug] [2025-11-04T20:26:02.310Z] >>> [apiv2][query] POST https://upload-firebasehosting.googleapis.com/upload/sites/saveboost-1e0a0/versions/7db9d27433abf0fe/files/22ef6c5bfe7de21831ce9d972837fc69445776dc9122ddda9c8597189008f0fc [none]
[debug] [2025-11-04T20:26:02.310Z] >>> [apiv2][body] POST https://upload-firebasehosting.googleapis.com/upload/sites/saveboost-1e0a0/versions/7db9d27433abf0fe/files/22ef6c5bfe7de21831ce9d972837fc69445776dc9122ddda9c8597189008f0fc [stream]
[debug] [2025-11-04T20:26:02.311Z] >>> [apiv2][query] POST https://upload-firebasehosting.googleapis.com/upload/sites/saveboost-1e0a0/versions/7db9d27433abf0fe/files/1eda7a8b5e1d76bef5a16c22cd715396044c08b66b0a203fef58c8e092d15cc5 [none]
[debug] [2025-11-04T20:26:02.311Z] >>> [apiv2][body] POST https://upload-firebasehosting.googleapis.com/upload/sites/saveboost-1e0a0/versions/7db9d27433abf0fe/files/1eda7a8b5e1d76bef5a16c22cd715396044c08b66b0a203fef58c8e092d15cc5 [stream]
[debug] [2025-11-04T20:26:02.311Z] >>> [apiv2][query] POST https://upload-firebasehosting.googleapis.com/upload/sites/saveboost-1e0a0/versions/7db9d27433abf0fe/files/d3caa42a2782d9f0e3154eb4e3c6578eec07ad878c537359a808f31cde2f598e [none]
[debug] [2025-11-04T20:26:02.311Z] >>> [apiv2][body] POST https://upload-firebasehosting.googleapis.com/upload/sites/saveboost-1e0a0/versions/7db9d27433abf0fe/files/d3caa42a2782d9f0e3154eb4e3c6578eec07ad878c537359a808f31cde2f598e [stream]
[debug] [2025-11-04T20:26:02.312Z] >>> [apiv2][query] POST https://upload-firebasehosting.googleapis.com/upload/sites/saveboost-1e0a0/versions/7db9d27433abf0fe/files/7882deeca7a6bbe4806a76ef6f285bf987ac1c5e9df6b8b71068513c271b0bb3 [none]
[debug] [2025-11-04T20:26:02.312Z] >>> [apiv2][body] POST https://upload-firebasehosting.googleapis.com/upload/sites/saveboost-1e0a0/versions/7db9d27433abf0fe/files/7882deeca7a6bbe4806a76ef6f285bf987ac1c5e9df6b8b71068513c271b0bb3 [stream]
[debug] [2025-11-04T20:26:02.312Z] >>> [apiv2][query] POST https://upload-firebasehosting.googleapis.com/upload/sites/saveboost-1e0a0/versions/7db9d27433abf0fe/files/5fe689080486d2fc5f64f8098b854e1f026eafba67b1790fdfe025c626e034fc [none]
[debug] [2025-11-04T20:26:02.312Z] >>> [apiv2][body] POST https://upload-firebasehosting.googleapis.com/upload/sites/saveboost-1e0a0/versions/7db9d27433abf0fe/files/5fe689080486d2fc5f64f8098b854e1f026eafba67b1790fdfe025c626e034fc [stream]
[debug] [2025-11-04T20:26:02.313Z] >>> [apiv2][query] POST https://upload-firebasehosting.googleapis.com/upload/sites/saveboost-1e0a0/versions/7db9d27433abf0fe/files/82076f06914ddb3a3faa0eb6f2ccaaa254c847f967c007e40d01d7a541892de6 [none]
[debug] [2025-11-04T20:26:02.313Z] >>> [apiv2][body] POST https://upload-firebasehosting.googleapis.com/upload/sites/saveboost-1e0a0/versions/7db9d27433abf0fe/files/82076f06914ddb3a3faa0eb6f2ccaaa254c847f967c007e40d01d7a541892de6 [stream]
[debug] [2025-11-04T20:26:02.313Z] >>> [apiv2][query] POST https://upload-firebasehosting.googleapis.com/upload/sites/saveboost-1e0a0/versions/7db9d27433abf0fe/files/855f76ea7620d44a94f16b990e738a90ce0dc5547d64542cb0b8244b81bd274b [none]
[debug] [2025-11-04T20:26:02.314Z] >>> [apiv2][body] POST https://upload-firebasehosting.googleapis.com/upload/sites/saveboost-1e0a0/versions/7db9d27433abf0fe/files/855f76ea7620d44a94f16b990e738a90ce0dc5547d64542cb0b8244b81bd274b [stream]
[debug] [2025-11-04T20:26:02.314Z] >>> [apiv2][query] POST https://upload-firebasehosting.googleapis.com/upload/sites/saveboost-1e0a0/versions/7db9d27433abf0fe/files/53842745194a2ed1ee72460e13ef6c247be9313385a0e1237ed539721c63d7b8 [none]
[debug] [2025-11-04T20:26:02.314Z] >>> [apiv2][body] POST https://upload-firebasehosting.googleapis.com/upload/sites/saveboost-1e0a0/versions/7db9d27433abf0fe/files/53842745194a2ed1ee72460e13ef6c247be9313385a0e1237ed539721c63d7b8 [stream]
[debug] [2025-11-04T20:26:02.315Z] >>> [apiv2][query] POST https://upload-firebasehosting.googleapis.com/upload/sites/saveboost-1e0a0/versions/7db9d27433abf0fe/files/3c728a75ae50f3f9873b0cbebf06f49643c2dc0873f3778a196da91ffa10966c [none]
[debug] [2025-11-04T20:26:02.315Z] >>> [apiv2][body] POST https://upload-firebasehosting.googleapis.com/upload/sites/saveboost-1e0a0/versions/7db9d27433abf0fe/files/3c728a75ae50f3f9873b0cbebf06f49643c2dc0873f3778a196da91ffa10966c [stream]
[debug] [2025-11-04T20:26:02.315Z] >>> [apiv2][query] POST https://upload-firebasehosting.googleapis.com/upload/sites/saveboost-1e0a0/versions/7db9d27433abf0fe/files/96c03a000d937c658954c4d1c1f4ac17324f0a5c7280f9eca888f30cbb2c3b74 [none]
[debug] [2025-11-04T20:26:02.315Z] >>> [apiv2][body] POST https://upload-firebasehosting.googleapis.com/upload/sites/saveboost-1e0a0/versions/7db9d27433abf0fe/files/96c03a000d937c658954c4d1c1f4ac17324f0a5c7280f9eca888f30cbb2c3b74 [stream]
[debug] [2025-11-04T20:26:02.316Z] >>> [apiv2][query] POST https://upload-firebasehosting.googleapis.com/upload/sites/saveboost-1e0a0/versions/7db9d27433abf0fe/files/71111544c7494c552b30ab1d2d6e4bd62819eb83e9a91997f4fdd2d1702dedee [none]
[debug] [2025-11-04T20:26:02.316Z] >>> [apiv2][body] POST https://upload-firebasehosting.googleapis.com/upload/sites/saveboost-1e0a0/versions/7db9d27433abf0fe/files/71111544c7494c552b30ab1d2d6e4bd62819eb83e9a91997f4fdd2d1702dedee [stream]
[debug] [2025-11-04T20:26:02.316Z] >>> [apiv2][query] POST https://upload-firebasehosting.googleapis.com/upload/sites/saveboost-1e0a0/versions/7db9d27433abf0fe/files/092ebdf8a8b355abe4da061589c6fd2da697c7570f4e8ccd04b6e6dffb659a06 [none]
[debug] [2025-11-04T20:26:02.317Z] >>> [apiv2][body] POST https://upload-firebasehosting.googleapis.com/upload/sites/saveboost-1e0a0/versions/7db9d27433abf0fe/files/092ebdf8a8b355abe4da061589c6fd2da697c7570f4e8ccd04b6e6dffb659a06 [stream]
[debug] [2025-11-04T20:26:02.317Z] >>> [apiv2][query] POST https://upload-firebasehosting.googleapis.com/upload/sites/saveboost-1e0a0/versions/7db9d27433abf0fe/files/e067cc6e002c1c2583cf899ae6e045017f29899b74a6e829050f88494378d766 [none]
[debug] [2025-11-04T20:26:02.317Z] >>> [apiv2][body] POST https://upload-firebasehosting.googleapis.com/upload/sites/saveboost-1e0a0/versions/7db9d27433abf0fe/files/e067cc6e002c1c2583cf899ae6e045017f29899b74a6e829050f88494378d766 [stream]
[debug] [2025-11-04T20:26:02.318Z] >>> [apiv2][query] POST https://upload-firebasehosting.googleapis.com/upload/sites/saveboost-1e0a0/versions/7db9d27433abf0fe/files/6b9521af4ceb7d246cf9f50599b14973d8e66f977dfd81c16fb10ad458201f97 [none]
[debug] [2025-11-04T20:26:02.318Z] >>> [apiv2][body] POST https://upload-firebasehosting.googleapis.com/upload/sites/saveboost-1e0a0/versions/7db9d27433abf0fe/files/6b9521af4ceb7d246cf9f50599b14973d8e66f977dfd81c16fb10ad458201f97 [stream]
[debug] [2025-11-04T20:26:02.318Z] >>> [apiv2][query] POST https://upload-firebasehosting.googleapis.com/upload/sites/saveboost-1e0a0/versions/7db9d27433abf0fe/files/3ca88679e94f79a7fb9cd7eeb2e3d78a5116279b752e679a0fd3820a9672c84e [none]
[debug] [2025-11-04T20:26:02.318Z] >>> [apiv2][body] POST https://upload-firebasehosting.googleapis.com/upload/sites/saveboost-1e0a0/versions/7db9d27433abf0fe/files/3ca88679e94f79a7fb9cd7eeb2e3d78a5116279b752e679a0fd3820a9672c84e [stream]
[debug] [2025-11-04T20:26:02.319Z] >>> [apiv2][query] POST https://upload-firebasehosting.googleapis.com/upload/sites/saveboost-1e0a0/versions/7db9d27433abf0fe/files/c101b05c889833662d5d12b688be9a0f438ffad0fadf636c7378a186700eb0c1 [none]
[debug] [2025-11-04T20:26:02.319Z] >>> [apiv2][body] POST https://upload-firebasehosting.googleapis.com/upload/sites/saveboost-1e0a0/versions/7db9d27433abf0fe/files/c101b05c889833662d5d12b688be9a0f438ffad0fadf636c7378a186700eb0c1 [stream]
[debug] [2025-11-04T20:26:02.319Z] >>> [apiv2][query] POST https://upload-firebasehosting.googleapis.com/upload/sites/saveboost-1e0a0/versions/7db9d27433abf0fe/files/96e2a6ea82522da53906b92d687b16babc450f3c42101893a9ac485936918cda [none]
[debug] [2025-11-04T20:26:02.319Z] >>> [apiv2][body] POST https://upload-firebasehosting.googleapis.com/upload/sites/saveboost-1e0a0/versions/7db9d27433abf0fe/files/96e2a6ea82522da53906b92d687b16babc450f3c42101893a9ac485936918cda [stream]
[debug] [2025-11-04T20:26:02.320Z] >>> [apiv2][query] POST https://upload-firebasehosting.googleapis.com/upload/sites/saveboost-1e0a0/versions/7db9d27433abf0fe/files/85a49f18c048badcfe02e379fad4c9e9f49474ed05f94500ee59ebd181b25a4d [none]
[debug] [2025-11-04T20:26:02.320Z] >>> [apiv2][body] POST https://upload-firebasehosting.googleapis.com/upload/sites/saveboost-1e0a0/versions/7db9d27433abf0fe/files/85a49f18c048badcfe02e379fad4c9e9f49474ed05f94500ee59ebd181b25a4d [stream]
[debug] [2025-11-04T20:26:02.320Z] >>> [apiv2][query] POST https://upload-firebasehosting.googleapis.com/upload/sites/saveboost-1e0a0/versions/7db9d27433abf0fe/files/4bd26c8bf550705589d28a84d266461c794ffeb6eb53b04aa7561b2c29c1c19d [none]
[debug] [2025-11-04T20:26:02.320Z] >>> [apiv2][body] POST https://upload-firebasehosting.googleapis.com/upload/sites/saveboost-1e0a0/versions/7db9d27433abf0fe/files/4bd26c8bf550705589d28a84d266461c794ffeb6eb53b04aa7561b2c29c1c19d [stream]
[debug] [2025-11-04T20:26:02.321Z] >>> [apiv2][query] POST https://upload-firebasehosting.googleapis.com/upload/sites/saveboost-1e0a0/versions/7db9d27433abf0fe/files/6dc938376b712af4bd75c60017d6cf6343cdba2fc3ffa97872da8196dfbfb64e [none]
[debug] [2025-11-04T20:26:02.321Z] >>> [apiv2][body] POST https://upload-firebasehosting.googleapis.com/upload/sites/saveboost-1e0a0/versions/7db9d27433abf0fe/files/6dc938376b712af4bd75c60017d6cf6343cdba2fc3ffa97872da8196dfbfb64e [stream]
[debug] [2025-11-04T20:26:02.321Z] >>> [apiv2][query] POST https://upload-firebasehosting.googleapis.com/upload/sites/saveboost-1e0a0/versions/7db9d27433abf0fe/files/c09c820e4d253da13bc6410ebe0f686e71d07c403798321afd204228427b2b76 [none]
[debug] [2025-11-04T20:26:02.322Z] >>> [apiv2][body] POST https://upload-firebasehosting.googleapis.com/upload/sites/saveboost-1e0a0/versions/7db9d27433abf0fe/files/c09c820e4d253da13bc6410ebe0f686e71d07c403798321afd204228427b2b76 [stream]
[debug] [2025-11-04T20:26:02.322Z] >>> [apiv2][query] POST https://upload-firebasehosting.googleapis.com/upload/sites/saveboost-1e0a0/versions/7db9d27433abf0fe/files/eb0ab52af34b17e42ed879c79a8e63e8d7ea7044ba7de5ba1de71fddef51e998 [none]
[debug] [2025-11-04T20:26:02.322Z] >>> [apiv2][body] POST https://upload-firebasehosting.googleapis.com/upload/sites/saveboost-1e0a0/versions/7db9d27433abf0fe/files/eb0ab52af34b17e42ed879c79a8e63e8d7ea7044ba7de5ba1de71fddef51e998 [stream]
[debug] [2025-11-04T20:26:02.323Z] >>> [apiv2][query] POST https://upload-firebasehosting.googleapis.com/upload/sites/saveboost-1e0a0/versions/7db9d27433abf0fe/files/2a6d8d914c6c177459dfc770483ecfe99a13c7549f2949d6725384983c08d198 [none]
[debug] [2025-11-04T20:26:02.323Z] >>> [apiv2][body] POST https://upload-firebasehosting.googleapis.com/upload/sites/saveboost-1e0a0/versions/7db9d27433abf0fe/files/2a6d8d914c6c177459dfc770483ecfe99a13c7549f2949d6725384983c08d198 [stream]
[debug] [2025-11-04T20:26:02.323Z] >>> [apiv2][query] POST https://upload-firebasehosting.googleapis.com/upload/sites/saveboost-1e0a0/versions/7db9d27433abf0fe/files/3a8cb5f7200b1822507b95054c0a1e47f66481a1cbede7774d7804ed4610c5fc [none]
[debug] [2025-11-04T20:26:02.323Z] >>> [apiv2][body] POST https://upload-firebasehosting.googleapis.com/upload/sites/saveboost-1e0a0/versions/7db9d27433abf0fe/files/3a8cb5f7200b1822507b95054c0a1e47f66481a1cbede7774d7804ed4610c5fc [stream]
[debug] [2025-11-04T20:26:02.324Z] >>> [apiv2][query] POST https://upload-firebasehosting.googleapis.com/upload/sites/saveboost-1e0a0/versions/7db9d27433abf0fe/files/cd4b17d7805ac207050fee0642c1d619d1784cea7039a54c9caf71264b76a831 [none]
[debug] [2025-11-04T20:26:02.324Z] >>> [apiv2][body] POST https://upload-firebasehosting.googleapis.com/upload/sites/saveboost-1e0a0/versions/7db9d27433abf0fe/files/cd4b17d7805ac207050fee0642c1d619d1784cea7039a54c9caf71264b76a831 [stream]
[debug] [2025-11-04T20:26:02.324Z] >>> [apiv2][query] POST https://upload-firebasehosting.googleapis.com/upload/sites/saveboost-1e0a0/versions/7db9d27433abf0fe/files/e11704e458a9f9b01209bdf19d13932ca454b0829161b1eb192c0e06c13875e8 [none]
[debug] [2025-11-04T20:26:02.324Z] >>> [apiv2][body] POST https://upload-firebasehosting.googleapis.com/upload/sites/saveboost-1e0a0/versions/7db9d27433abf0fe/files/e11704e458a9f9b01209bdf19d13932ca454b0829161b1eb192c0e06c13875e8 [stream]
[debug] [2025-11-04T20:26:02.325Z] >>> [apiv2][query] POST https://upload-firebasehosting.googleapis.com/upload/sites/saveboost-1e0a0/versions/7db9d27433abf0fe/files/2ba5c8ccbd865d43025011c08de46c68cb8699d9c41de5b492178dc0ce17ef43 [none]
[debug] [2025-11-04T20:26:02.325Z] >>> [apiv2][body] POST https://upload-firebasehosting.googleapis.com/upload/sites/saveboost-1e0a0/versions/7db9d27433abf0fe/files/2ba5c8ccbd865d43025011c08de46c68cb8699d9c41de5b492178dc0ce17ef43 [stream]
[debug] [2025-11-04T20:26:02.326Z] [hosting][populate queue][FINAL] {"max":259,"min":259,"avg":259,"active":0,"complete":1,"success":1,"errored":0,"retried":0,"total":1,"elapsed":285}
[debug] [2025-11-04T20:26:02.326Z] [hosting] uploads queued: 39
[debug] [2025-11-04T20:26:02.871Z] <<< [apiv2][status] POST https://upload-firebasehosting.googleapis.com/upload/sites/saveboost-1e0a0/versions/7db9d27433abf0fe/files/a207ef84d00baf6ca09b0d0256d16a8fcda29cc171c265687e9428359bb8b350 200
[debug] [2025-11-04T20:26:02.871Z] <<< [apiv2][body] POST https://upload-firebasehosting.googleapis.com/upload/sites/saveboost-1e0a0/versions/7db9d27433abf0fe/files/a207ef84d00baf6ca09b0d0256d16a8fcda29cc171c265687e9428359bb8b350 [stream]
[debug] [2025-11-04T20:26:02.904Z] <<< [apiv2][status] POST https://upload-firebasehosting.googleapis.com/upload/sites/saveboost-1e0a0/versions/7db9d27433abf0fe/files/1d2ba4967a22dc90c7d3d0012b26b370fefaea649f0a152f627bc1b994a3e77e 200
[debug] [2025-11-04T20:26:02.904Z] <<< [apiv2][body] POST https://upload-firebasehosting.googleapis.com/upload/sites/saveboost-1e0a0/versions/7db9d27433abf0fe/files/1d2ba4967a22dc90c7d3d0012b26b370fefaea649f0a152f627bc1b994a3e77e [stream]
[debug] [2025-11-04T20:26:02.948Z] <<< [apiv2][status] POST https://upload-firebasehosting.googleapis.com/upload/sites/saveboost-1e0a0/versions/7db9d27433abf0fe/files/1d65ab85b90d5c50a87fa2d04c0950779e28e8132328e006e92827f64595bc82 200
[debug] [2025-11-04T20:26:02.949Z] <<< [apiv2][body] POST https://upload-firebasehosting.googleapis.com/upload/sites/saveboost-1e0a0/versions/7db9d27433abf0fe/files/1d65ab85b90d5c50a87fa2d04c0950779e28e8132328e006e92827f64595bc82 [stream]
[debug] [2025-11-04T20:26:02.949Z] <<< [apiv2][status] POST https://upload-firebasehosting.googleapis.com/upload/sites/saveboost-1e0a0/versions/7db9d27433abf0fe/files/2ba5c8ccbd865d43025011c08de46c68cb8699d9c41de5b492178dc0ce17ef43 200
[debug] [2025-11-04T20:26:02.949Z] <<< [apiv2][body] POST https://upload-firebasehosting.googleapis.com/upload/sites/saveboost-1e0a0/versions/7db9d27433abf0fe/files/2ba5c8ccbd865d43025011c08de46c68cb8699d9c41de5b492178dc0ce17ef43 [stream]
[debug] [2025-11-04T20:26:02.950Z] <<< [apiv2][status] POST https://upload-firebasehosting.googleapis.com/upload/sites/saveboost-1e0a0/versions/7db9d27433abf0fe/files/c09c820e4d253da13bc6410ebe0f686e71d07c403798321afd204228427b2b76 200
[debug] [2025-11-04T20:26:02.950Z] <<< [apiv2][body] POST https://upload-firebasehosting.googleapis.com/upload/sites/saveboost-1e0a0/versions/7db9d27433abf0fe/files/c09c820e4d253da13bc6410ebe0f686e71d07c403798321afd204228427b2b76 [stream]
[debug] [2025-11-04T20:26:02.973Z] <<< [apiv2][status] POST https://upload-firebasehosting.googleapis.com/upload/sites/saveboost-1e0a0/versions/7db9d27433abf0fe/files/e067cc6e002c1c2583cf899ae6e045017f29899b74a6e829050f88494378d766 200
[debug] [2025-11-04T20:26:02.973Z] <<< [apiv2][body] POST https://upload-firebasehosting.googleapis.com/upload/sites/saveboost-1e0a0/versions/7db9d27433abf0fe/files/e067cc6e002c1c2583cf899ae6e045017f29899b74a6e829050f88494378d766 [stream]
[debug] [2025-11-04T20:26:02.980Z] <<< [apiv2][status] POST https://upload-firebasehosting.googleapis.com/upload/sites/saveboost-1e0a0/versions/7db9d27433abf0fe/files/6b9521af4ceb7d246cf9f50599b14973d8e66f977dfd81c16fb10ad458201f97 200
[debug] [2025-11-04T20:26:02.980Z] <<< [apiv2][body] POST https://upload-firebasehosting.googleapis.com/upload/sites/saveboost-1e0a0/versions/7db9d27433abf0fe/files/6b9521af4ceb7d246cf9f50599b14973d8e66f977dfd81c16fb10ad458201f97 [stream]
[debug] [2025-11-04T20:26:02.996Z] <<< [apiv2][status] POST https://upload-firebasehosting.googleapis.com/upload/sites/saveboost-1e0a0/versions/7db9d27433abf0fe/files/855f76ea7620d44a94f16b990e738a90ce0dc5547d64542cb0b8244b81bd274b 200
[debug] [2025-11-04T20:26:02.996Z] <<< [apiv2][body] POST https://upload-firebasehosting.googleapis.com/upload/sites/saveboost-1e0a0/versions/7db9d27433abf0fe/files/855f76ea7620d44a94f16b990e738a90ce0dc5547d64542cb0b8244b81bd274b [stream]
[debug] [2025-11-04T20:26:02.998Z] <<< [apiv2][status] POST https://upload-firebasehosting.googleapis.com/upload/sites/saveboost-1e0a0/versions/7db9d27433abf0fe/files/eb0ab52af34b17e42ed879c79a8e63e8d7ea7044ba7de5ba1de71fddef51e998 200
[debug] [2025-11-04T20:26:02.999Z] <<< [apiv2][body] POST https://upload-firebasehosting.googleapis.com/upload/sites/saveboost-1e0a0/versions/7db9d27433abf0fe/files/eb0ab52af34b17e42ed879c79a8e63e8d7ea7044ba7de5ba1de71fddef51e998 [stream]
[debug] [2025-11-04T20:26:03.013Z] <<< [apiv2][status] POST https://upload-firebasehosting.googleapis.com/upload/sites/saveboost-1e0a0/versions/7db9d27433abf0fe/files/092ebdf8a8b355abe4da061589c6fd2da697c7570f4e8ccd04b6e6dffb659a06 200
[debug] [2025-11-04T20:26:03.013Z] <<< [apiv2][body] POST https://upload-firebasehosting.googleapis.com/upload/sites/saveboost-1e0a0/versions/7db9d27433abf0fe/files/092ebdf8a8b355abe4da061589c6fd2da697c7570f4e8ccd04b6e6dffb659a06 [stream]
[debug] [2025-11-04T20:26:03.044Z] <<< [apiv2][status] POST https://upload-firebasehosting.googleapis.com/upload/sites/saveboost-1e0a0/versions/7db9d27433abf0fe/files/1a4500f34f239ef312e41990f6a6e467100ff58df8138e6a7ccae0c9f0f26898 200
[debug] [2025-11-04T20:26:03.044Z] <<< [apiv2][body] POST https://upload-firebasehosting.googleapis.com/upload/sites/saveboost-1e0a0/versions/7db9d27433abf0fe/files/1a4500f34f239ef312e41990f6a6e467100ff58df8138e6a7ccae0c9f0f26898 [stream]
[debug] [2025-11-04T20:26:03.051Z] <<< [apiv2][status] POST https://upload-firebasehosting.googleapis.com/upload/sites/saveboost-1e0a0/versions/7db9d27433abf0fe/files/96e2a6ea82522da53906b92d687b16babc450f3c42101893a9ac485936918cda 200
[debug] [2025-11-04T20:26:03.051Z] <<< [apiv2][body] POST https://upload-firebasehosting.googleapis.com/upload/sites/saveboost-1e0a0/versions/7db9d27433abf0fe/files/96e2a6ea82522da53906b92d687b16babc450f3c42101893a9ac485936918cda [stream]
[debug] [2025-11-04T20:26:03.077Z] <<< [apiv2][status] POST https://upload-firebasehosting.googleapis.com/upload/sites/saveboost-1e0a0/versions/7db9d27433abf0fe/files/c101b05c889833662d5d12b688be9a0f438ffad0fadf636c7378a186700eb0c1 200
[debug] [2025-11-04T20:26:03.077Z] <<< [apiv2][body] POST https://upload-firebasehosting.googleapis.com/upload/sites/saveboost-1e0a0/versions/7db9d27433abf0fe/files/c101b05c889833662d5d12b688be9a0f438ffad0fadf636c7378a186700eb0c1 [stream]
[debug] [2025-11-04T20:26:03.078Z] <<< [apiv2][status] POST https://upload-firebasehosting.googleapis.com/upload/sites/saveboost-1e0a0/versions/7db9d27433abf0fe/files/4bd26c8bf550705589d28a84d266461c794ffeb6eb53b04aa7561b2c29c1c19d 200
[debug] [2025-11-04T20:26:03.078Z] <<< [apiv2][body] POST https://upload-firebasehosting.googleapis.com/upload/sites/saveboost-1e0a0/versions/7db9d27433abf0fe/files/4bd26c8bf550705589d28a84d266461c794ffeb6eb53b04aa7561b2c29c1c19d [stream]
[debug] [2025-11-04T20:26:03.085Z] <<< [apiv2][status] POST https://upload-firebasehosting.googleapis.com/upload/sites/saveboost-1e0a0/versions/7db9d27433abf0fe/files/7882deeca7a6bbe4806a76ef6f285bf987ac1c5e9df6b8b71068513c271b0bb3 200
[debug] [2025-11-04T20:26:03.086Z] <<< [apiv2][body] POST https://upload-firebasehosting.googleapis.com/upload/sites/saveboost-1e0a0/versions/7db9d27433abf0fe/files/7882deeca7a6bbe4806a76ef6f285bf987ac1c5e9df6b8b71068513c271b0bb3 [stream]
[debug] [2025-11-04T20:26:03.089Z] <<< [apiv2][status] POST https://upload-firebasehosting.googleapis.com/upload/sites/saveboost-1e0a0/versions/7db9d27433abf0fe/files/6dc938376b712af4bd75c60017d6cf6343cdba2fc3ffa97872da8196dfbfb64e 200
[debug] [2025-11-04T20:26:03.089Z] <<< [apiv2][body] POST https://upload-firebasehosting.googleapis.com/upload/sites/saveboost-1e0a0/versions/7db9d27433abf0fe/files/6dc938376b712af4bd75c60017d6cf6343cdba2fc3ffa97872da8196dfbfb64e [stream]
[debug] [2025-11-04T20:26:03.096Z] <<< [apiv2][status] POST https://upload-firebasehosting.googleapis.com/upload/sites/saveboost-1e0a0/versions/7db9d27433abf0fe/files/1b29acbaa06ab3fc9458e87a72ba3b48638e2445b016ee3ce8a97cc72bc0630f 200
[debug] [2025-11-04T20:26:03.097Z] <<< [apiv2][body] POST https://upload-firebasehosting.googleapis.com/upload/sites/saveboost-1e0a0/versions/7db9d27433abf0fe/files/1b29acbaa06ab3fc9458e87a72ba3b48638e2445b016ee3ce8a97cc72bc0630f [stream]
[debug] [2025-11-04T20:26:03.107Z] <<< [apiv2][status] POST https://upload-firebasehosting.googleapis.com/upload/sites/saveboost-1e0a0/versions/7db9d27433abf0fe/files/85a49f18c048badcfe02e379fad4c9e9f49474ed05f94500ee59ebd181b25a4d 200
[debug] [2025-11-04T20:26:03.108Z] <<< [apiv2][body] POST https://upload-firebasehosting.googleapis.com/upload/sites/saveboost-1e0a0/versions/7db9d27433abf0fe/files/85a49f18c048badcfe02e379fad4c9e9f49474ed05f94500ee59ebd181b25a4d [stream]
[debug] [2025-11-04T20:26:03.111Z] <<< [apiv2][status] POST https://upload-firebasehosting.googleapis.com/upload/sites/saveboost-1e0a0/versions/7db9d27433abf0fe/files/1e77f55d502848a4b2a0098929d802f566a399773ba6e45ed4fe86f2c05b6db5 200
[debug] [2025-11-04T20:26:03.111Z] <<< [apiv2][body] POST https://upload-firebasehosting.googleapis.com/upload/sites/saveboost-1e0a0/versions/7db9d27433abf0fe/files/1e77f55d502848a4b2a0098929d802f566a399773ba6e45ed4fe86f2c05b6db5 [stream]
[debug] [2025-11-04T20:26:03.131Z] <<< [apiv2][status] POST https://upload-firebasehosting.googleapis.com/upload/sites/saveboost-1e0a0/versions/7db9d27433abf0fe/files/71111544c7494c552b30ab1d2d6e4bd62819eb83e9a91997f4fdd2d1702dedee 200
[debug] [2025-11-04T20:26:03.131Z] <<< [apiv2][body] POST https://upload-firebasehosting.googleapis.com/upload/sites/saveboost-1e0a0/versions/7db9d27433abf0fe/files/71111544c7494c552b30ab1d2d6e4bd62819eb83e9a91997f4fdd2d1702dedee [stream]
[debug] [2025-11-04T20:26:03.148Z] <<< [apiv2][status] POST https://upload-firebasehosting.googleapis.com/upload/sites/saveboost-1e0a0/versions/7db9d27433abf0fe/files/22ef6c5bfe7de21831ce9d972837fc69445776dc9122ddda9c8597189008f0fc 200
[debug] [2025-11-04T20:26:03.149Z] <<< [apiv2][body] POST https://upload-firebasehosting.googleapis.com/upload/sites/saveboost-1e0a0/versions/7db9d27433abf0fe/files/22ef6c5bfe7de21831ce9d972837fc69445776dc9122ddda9c8597189008f0fc [stream]
[debug] [2025-11-04T20:26:03.163Z] <<< [apiv2][status] POST https://upload-firebasehosting.googleapis.com/upload/sites/saveboost-1e0a0/versions/7db9d27433abf0fe/files/5fe689080486d2fc5f64f8098b854e1f026eafba67b1790fdfe025c626e034fc 200
[debug] [2025-11-04T20:26:03.163Z] <<< [apiv2][body] POST https://upload-firebasehosting.googleapis.com/upload/sites/saveboost-1e0a0/versions/7db9d27433abf0fe/files/5fe689080486d2fc5f64f8098b854e1f026eafba67b1790fdfe025c626e034fc [stream]
[debug] [2025-11-04T20:26:03.168Z] <<< [apiv2][status] POST https://upload-firebasehosting.googleapis.com/upload/sites/saveboost-1e0a0/versions/7db9d27433abf0fe/files/e11704e458a9f9b01209bdf19d13932ca454b0829161b1eb192c0e06c13875e8 200
[debug] [2025-11-04T20:26:03.168Z] <<< [apiv2][body] POST https://upload-firebasehosting.googleapis.com/upload/sites/saveboost-1e0a0/versions/7db9d27433abf0fe/files/e11704e458a9f9b01209bdf19d13932ca454b0829161b1eb192c0e06c13875e8 [stream]
[debug] [2025-11-04T20:26:03.208Z] <<< [apiv2][status] POST https://upload-firebasehosting.googleapis.com/upload/sites/saveboost-1e0a0/versions/7db9d27433abf0fe/files/2a6d8d914c6c177459dfc770483ecfe99a13c7549f2949d6725384983c08d198 200
[debug] [2025-11-04T20:26:03.208Z] <<< [apiv2][body] POST https://upload-firebasehosting.googleapis.com/upload/sites/saveboost-1e0a0/versions/7db9d27433abf0fe/files/2a6d8d914c6c177459dfc770483ecfe99a13c7549f2949d6725384983c08d198 [stream]
[debug] [2025-11-04T20:26:03.234Z] <<< [apiv2][status] POST https://upload-firebasehosting.googleapis.com/upload/sites/saveboost-1e0a0/versions/7db9d27433abf0fe/files/53842745194a2ed1ee72460e13ef6c247be9313385a0e1237ed539721c63d7b8 200
[debug] [2025-11-04T20:26:03.235Z] <<< [apiv2][body] POST https://upload-firebasehosting.googleapis.com/upload/sites/saveboost-1e0a0/versions/7db9d27433abf0fe/files/53842745194a2ed1ee72460e13ef6c247be9313385a0e1237ed539721c63d7b8 [stream]
[debug] [2025-11-04T20:26:03.236Z] <<< [apiv2][status] POST https://upload-firebasehosting.googleapis.com/upload/sites/saveboost-1e0a0/versions/7db9d27433abf0fe/files/82076f06914ddb3a3faa0eb6f2ccaaa254c847f967c007e40d01d7a541892de6 200
[debug] [2025-11-04T20:26:03.236Z] <<< [apiv2][body] POST https://upload-firebasehosting.googleapis.com/upload/sites/saveboost-1e0a0/versions/7db9d27433abf0fe/files/82076f06914ddb3a3faa0eb6f2ccaaa254c847f967c007e40d01d7a541892de6 [stream]
[debug] [2025-11-04T20:26:03.240Z] <<< [apiv2][status] POST https://upload-firebasehosting.googleapis.com/upload/sites/saveboost-1e0a0/versions/7db9d27433abf0fe/files/282ba3c79942a17ffa7b54a6801a19a7ffc6154fb07d510a8b34436ce72585da 200
[debug] [2025-11-04T20:26:03.240Z] <<< [apiv2][body] POST https://upload-firebasehosting.googleapis.com/upload/sites/saveboost-1e0a0/versions/7db9d27433abf0fe/files/282ba3c79942a17ffa7b54a6801a19a7ffc6154fb07d510a8b34436ce72585da [stream]
[debug] [2025-11-04T20:26:03.251Z] <<< [apiv2][status] POST https://upload-firebasehosting.googleapis.com/upload/sites/saveboost-1e0a0/versions/7db9d27433abf0fe/files/96c03a000d937c658954c4d1c1f4ac17324f0a5c7280f9eca888f30cbb2c3b74 200
[debug] [2025-11-04T20:26:03.251Z] <<< [apiv2][body] POST https://upload-firebasehosting.googleapis.com/upload/sites/saveboost-1e0a0/versions/7db9d27433abf0fe/files/96c03a000d937c658954c4d1c1f4ac17324f0a5c7280f9eca888f30cbb2c3b74 [stream]
[debug] [2025-11-04T20:26:03.258Z] <<< [apiv2][status] POST https://upload-firebasehosting.googleapis.com/upload/sites/saveboost-1e0a0/versions/7db9d27433abf0fe/files/3a8cb5f7200b1822507b95054c0a1e47f66481a1cbede7774d7804ed4610c5fc 200
[debug] [2025-11-04T20:26:03.259Z] <<< [apiv2][body] POST https://upload-firebasehosting.googleapis.com/upload/sites/saveboost-1e0a0/versions/7db9d27433abf0fe/files/3a8cb5f7200b1822507b95054c0a1e47f66481a1cbede7774d7804ed4610c5fc [stream]
[debug] [2025-11-04T20:26:03.278Z] <<< [apiv2][status] POST https://upload-firebasehosting.googleapis.com/upload/sites/saveboost-1e0a0/versions/7db9d27433abf0fe/files/f3005bb7d0bff4646a3e4e351bd0f4d9b8c825edc808dc5d0f956d9d14b47d9d 200
[debug] [2025-11-04T20:26:03.279Z] <<< [apiv2][body] POST https://upload-firebasehosting.googleapis.com/upload/sites/saveboost-1e0a0/versions/7db9d27433abf0fe/files/f3005bb7d0bff4646a3e4e351bd0f4d9b8c825edc808dc5d0f956d9d14b47d9d [stream]
[debug] [2025-11-04T20:26:03.297Z] <<< [apiv2][status] POST https://upload-firebasehosting.googleapis.com/upload/sites/saveboost-1e0a0/versions/7db9d27433abf0fe/files/d3caa42a2782d9f0e3154eb4e3c6578eec07ad878c537359a808f31cde2f598e 200
[debug] [2025-11-04T20:26:03.298Z] <<< [apiv2][body] POST https://upload-firebasehosting.googleapis.com/upload/sites/saveboost-1e0a0/versions/7db9d27433abf0fe/files/d3caa42a2782d9f0e3154eb4e3c6578eec07ad878c537359a808f31cde2f598e [stream]
[debug] [2025-11-04T20:26:03.298Z] <<< [apiv2][status] POST https://upload-firebasehosting.googleapis.com/upload/sites/saveboost-1e0a0/versions/7db9d27433abf0fe/files/3c728a75ae50f3f9873b0cbebf06f49643c2dc0873f3778a196da91ffa10966c 200
[debug] [2025-11-04T20:26:03.298Z] <<< [apiv2][body] POST https://upload-firebasehosting.googleapis.com/upload/sites/saveboost-1e0a0/versions/7db9d27433abf0fe/files/3c728a75ae50f3f9873b0cbebf06f49643c2dc0873f3778a196da91ffa10966c [stream]
[debug] [2025-11-04T20:26:03.298Z] <<< [apiv2][status] POST https://upload-firebasehosting.googleapis.com/upload/sites/saveboost-1e0a0/versions/7db9d27433abf0fe/files/ce0ca8de4cef4977bf2b61a1d465b3d5cbc8b4be680ac9251d0ac0891e6ae58a 200
[debug] [2025-11-04T20:26:03.299Z] <<< [apiv2][body] POST https://upload-firebasehosting.googleapis.com/upload/sites/saveboost-1e0a0/versions/7db9d27433abf0fe/files/ce0ca8de4cef4977bf2b61a1d465b3d5cbc8b4be680ac9251d0ac0891e6ae58a [stream]
[debug] [2025-11-04T20:26:03.321Z] <<< [apiv2][status] POST https://upload-firebasehosting.googleapis.com/upload/sites/saveboost-1e0a0/versions/7db9d27433abf0fe/files/3ca88679e94f79a7fb9cd7eeb2e3d78a5116279b752e679a0fd3820a9672c84e 200
[debug] [2025-11-04T20:26:03.321Z] <<< [apiv2][body] POST https://upload-firebasehosting.googleapis.com/upload/sites/saveboost-1e0a0/versions/7db9d27433abf0fe/files/3ca88679e94f79a7fb9cd7eeb2e3d78a5116279b752e679a0fd3820a9672c84e [stream]
[debug] [2025-11-04T20:26:03.343Z] <<< [apiv2][status] POST https://upload-firebasehosting.googleapis.com/upload/sites/saveboost-1e0a0/versions/7db9d27433abf0fe/files/5b6885921b876292335ad9da8f687536076a7393abf37e89c957736c07521b1e 200
[debug] [2025-11-04T20:26:03.343Z] <<< [apiv2][body] POST https://upload-firebasehosting.googleapis.com/upload/sites/saveboost-1e0a0/versions/7db9d27433abf0fe/files/5b6885921b876292335ad9da8f687536076a7393abf37e89c957736c07521b1e [stream]
[debug] [2025-11-04T20:26:03.366Z] <<< [apiv2][status] POST https://upload-firebasehosting.googleapis.com/upload/sites/saveboost-1e0a0/versions/7db9d27433abf0fe/files/a206182944dfd397c09ff6d33feb9ca69b0605df1c5360d8118d62a1acb24935 200
[debug] [2025-11-04T20:26:03.366Z] <<< [apiv2][body] POST https://upload-firebasehosting.googleapis.com/upload/sites/saveboost-1e0a0/versions/7db9d27433abf0fe/files/a206182944dfd397c09ff6d33feb9ca69b0605df1c5360d8118d62a1acb24935 [stream]
[debug] [2025-11-04T20:26:03.367Z] <<< [apiv2][status] POST https://upload-firebasehosting.googleapis.com/upload/sites/saveboost-1e0a0/versions/7db9d27433abf0fe/files/fc03a5a1b5965f49118a6de376f6f9120947e2369a64da7aa57ec520dff52c71 200
[debug] [2025-11-04T20:26:03.367Z] <<< [apiv2][body] POST https://upload-firebasehosting.googleapis.com/upload/sites/saveboost-1e0a0/versions/7db9d27433abf0fe/files/fc03a5a1b5965f49118a6de376f6f9120947e2369a64da7aa57ec520dff52c71 [stream]
[debug] [2025-11-04T20:26:03.397Z] <<< [apiv2][status] POST https://upload-firebasehosting.googleapis.com/upload/sites/saveboost-1e0a0/versions/7db9d27433abf0fe/files/1eda7a8b5e1d76bef5a16c22cd715396044c08b66b0a203fef58c8e092d15cc5 200
[debug] [2025-11-04T20:26:03.397Z] <<< [apiv2][body] POST https://upload-firebasehosting.googleapis.com/upload/sites/saveboost-1e0a0/versions/7db9d27433abf0fe/files/1eda7a8b5e1d76bef5a16c22cd715396044c08b66b0a203fef58c8e092d15cc5 [stream]
[debug] [2025-11-04T20:26:03.404Z] <<< [apiv2][status] POST https://upload-firebasehosting.googleapis.com/upload/sites/saveboost-1e0a0/versions/7db9d27433abf0fe/files/cd4b17d7805ac207050fee0642c1d619d1784cea7039a54c9caf71264b76a831 200
[debug] [2025-11-04T20:26:03.404Z] <<< [apiv2][body] POST https://upload-firebasehosting.googleapis.com/upload/sites/saveboost-1e0a0/versions/7db9d27433abf0fe/files/cd4b17d7805ac207050fee0642c1d619d1784cea7039a54c9caf71264b76a831 [stream]
[debug] [2025-11-04T20:26:03.404Z] [hosting][upload queue][FINAL] {"max":1104,"min":576,"avg":849.8205128205128,"active":0,"complete":39,"success":39,"errored":0,"retried":0,"total":39,"elapsed":1110}
[info] i  hosting: upload complete 
[info]   hosting[saveboost-1e0a0]: file upload complete 
[debug] [2025-11-04T20:26:03.405Z] [hosting] deploy completed after 1401ms
[debug] [2025-11-04T20:26:03.405Z] [
  {
    "config": {
      "public": "out",
      "ignore": [
        "firebase.json",
        "**/.*",
        "**/node_modules/**"
      ],
      "site": "saveboost-1e0a0"
    },
    "version": "projects/92753325779/sites/saveboost-1e0a0/versions/7db9d27433abf0fe"
  }
]
[info] i  hosting[saveboost-1e0a0]: finalizing version... 
[debug] [2025-11-04T20:26:03.407Z] Checked if tokens are valid: true, expires at: 1762291559401
[debug] [2025-11-04T20:26:03.407Z] Checked if tokens are valid: true, expires at: 1762291559401
[debug] [2025-11-04T20:26:03.408Z] >>> [apiv2][query] PATCH https://firebasehosting.googleapis.com/v1beta1/projects/-/sites/saveboost-1e0a0/versions/7db9d27433abf0fe updateMask=status%2Cconfig
[debug] [2025-11-04T20:26:03.408Z] >>> [apiv2][body] PATCH https://firebasehosting.googleapis.com/v1beta1/projects/-/sites/saveboost-1e0a0/versions/7db9d27433abf0fe {"status":"FINALIZED","config":{}}
[debug] [2025-11-04T20:26:03.546Z] <<< [apiv2][status] PATCH https://firebasehosting.googleapis.com/v1beta1/projects/-/sites/saveboost-1e0a0/versions/7db9d27433abf0fe 200
[debug] [2025-11-04T20:26:03.546Z] <<< [apiv2][body] PATCH https://firebasehosting.googleapis.com/v1beta1/projects/-/sites/saveboost-1e0a0/versions/7db9d27433abf0fe {"name":"projects/92753325779/sites/saveboost-1e0a0/versions/7db9d27433abf0fe","status":"FINALIZED","config":{},"labels":{"deployment-tool":"cli-firebase"},"createTime":"2025-11-04T20:26:01.656010Z","createUser":{"email":"bmaisonti@gmail.com"},"finalizeTime":"2025-11-04T20:26:03.510994Z","finalizeUser":{"email":"bmaisonti@gmail.com"}}
[debug] [2025-11-04T20:26:03.546Z] [hosting] finalized version for saveboost-1e0a0:[object Object]
[info]   hosting[saveboost-1e0a0]: version finalized 
[info] i  hosting[saveboost-1e0a0]: releasing new version... 
[debug] [2025-11-04T20:26:03.548Z] Checked if tokens are valid: true, expires at: 1762291559401
[debug] [2025-11-04T20:26:03.548Z] Checked if tokens are valid: true, expires at: 1762291559401
[debug] [2025-11-04T20:26:03.548Z] >>> [apiv2][query] POST https://firebasehosting.googleapis.com/v1beta1/projects/-/sites/saveboost-1e0a0/channels/live/releases versionName=projects%2F92753325779%2Fsites%2Fsaveboost-1e0a0%2Fversions%2F7db9d27433abf0fe
[debug] [2025-11-04T20:26:03.548Z] >>> [apiv2][body] POST https://firebasehosting.googleapis.com/v1beta1/projects/-/sites/saveboost-1e0a0/channels/live/releases {}
[debug] [2025-11-04T20:26:03.792Z] <<< [apiv2][status] POST https://firebasehosting.googleapis.com/v1beta1/projects/-/sites/saveboost-1e0a0/channels/live/releases 200
[debug] [2025-11-04T20:26:03.793Z] <<< [apiv2][body] POST https://firebasehosting.googleapis.com/v1beta1/projects/-/sites/saveboost-1e0a0/channels/live/releases {"name":"projects/92753325779/sites/saveboost-1e0a0/channels/live/releases/1762287963199000","version":{"name":"projects/92753325779/sites/saveboost-1e0a0/versions/7db9d27433abf0fe","status":"FINALIZED","config":{},"labels":{"deployment-tool":"cli-firebase"},"createTime":"2025-11-04T20:26:01.656010Z","createUser":{"email":"bmaisonti@gmail.com","imageUrl":"https://lh3.googleusercontent.com/a/ACg8ocJiL4s23GnbxzscLtIVpAg6Mb9ReTFxn-fOYipBdkHWFJKJqcor"},"finalizeTime":"2025-11-04T20:26:03.510994Z","finalizeUser":{"email":"bmaisonti@gmail.com","imageUrl":"https://lh3.googleusercontent.com/a/ACg8ocJiL4s23GnbxzscLtIVpAg6Mb9ReTFxn-fOYipBdkHWFJKJqcor"}},"type":"DEPLOY","releaseTime":"2025-11-04T20:26:03.199Z","releaseUser":{"email":"bmaisonti@gmail.com","imageUrl":"https://lh3.googleusercontent.com/a/ACg8ocJiL4s23GnbxzscLtIVpAg6Mb9ReTFxn-fOYipBdkHWFJKJqcor"}}
[debug] [2025-11-04T20:26:03.793Z] [hosting] release: {"name":"projects/92753325779/sites/saveboost-1e0a0/channels/live/releases/1762287963199000","version":{"name":"projects/92753325779/sites/saveboost-1e0a0/versions/7db9d27433abf0fe","status":"FINALIZED","config":{},"labels":{"deployment-tool":"cli-firebase"},"createTime":"2025-11-04T20:26:01.656010Z","createUser":{"email":"bmaisonti@gmail.com","imageUrl":"https://lh3.googleusercontent.com/a/ACg8ocJiL4s23GnbxzscLtIVpAg6Mb9ReTFxn-fOYipBdkHWFJKJqcor"},"finalizeTime":"2025-11-04T20:26:03.510994Z","finalizeUser":{"email":"bmaisonti@gmail.com","imageUrl":"https://lh3.googleusercontent.com/a/ACg8ocJiL4s23GnbxzscLtIVpAg6Mb9ReTFxn-fOYipBdkHWFJKJqcor"}},"type":"DEPLOY","releaseTime":"2025-11-04T20:26:03.199Z","releaseUser":{"email":"bmaisonti@gmail.com","imageUrl":"https://lh3.googleusercontent.com/a/ACg8ocJiL4s23GnbxzscLtIVpAg6Mb9ReTFxn-fOYipBdkHWFJKJqcor"}}
[info]   hosting[saveboost-1e0a0]: release complete 
[info] 
[info]   Deploy complete! 
[info] 
[info] Project Console: https://console.firebase.google.com/project/saveboost-1e0a0/overview
[info] Hosting URL: https://saveboost-1e0a0.web.app
